Log file open, 06/22/21 19:45:20
LogWindows: Failed to load 'aqProf.dll' (GetLastError=126)
LogWindows: File 'aqProf.dll' does not exist
LogWindows: Failed to load 'VtuneApi.dll' (GetLastError=126)
LogWindows: File 'VtuneApi.dll' does not exist
LogWindows: Failed to load 'VtuneApi32e.dll' (GetLastError=126)
LogWindows: File 'VtuneApi32e.dll' does not exist
LogConsoleResponse: Display: Failed to find resolution value strings in scalability ini. Falling back to default.
LogInit: Display: Running engine for game: CubeCraft2_0
LogPlatformFile: Not using cached read wrapper
LogTaskGraph: Started task graph with 5 named threads and 17 total threads with 3 sets of task threads.
LogStats: Stats thread started at 0.082333
LogD3D11RHI: Loaded GFSDK_Aftermath_Lib.x64.dll
LogICUInternationalization: ICU TimeZone Detection - Raw Offset: +1:00, Platform Override: ''
LogPluginManager: Mounting plugin Paper2D
LogPluginManager: Mounting plugin AISupport
LogPluginManager: Mounting plugin LightPropagationVolume
LogPluginManager: Mounting plugin ActorLayerUtilities
LogPluginManager: Mounting plugin AnimationSharing
LogPluginManager: Mounting plugin CLionSourceCodeAccess
LogPluginManager: Mounting plugin CodeLiteSourceCodeAccess
LogPluginManager: Mounting plugin GitSourceControl
LogPluginManager: Mounting plugin KDevelopSourceCodeAccess
LogPluginManager: Mounting plugin NullSourceCodeAccess
LogPluginManager: Mounting plugin PerforceSourceControl
LogPluginManager: Mounting plugin SubversionSourceControl
LogPluginManager: Mounting plugin UObjectPlugin
LogPluginManager: Mounting plugin VisualStudioCodeSourceCodeAccess
LogPluginManager: Mounting plugin VisualStudioSourceCodeAccess
LogPluginManager: Mounting plugin XCodeSourceCodeAccess
LogPluginManager: Mounting plugin AssetManagerEditor
LogPluginManager: Mounting plugin CryptoKeys
LogPluginManager: Mounting plugin CurveEditorTools
LogPluginManager: Mounting plugin DataValidation
LogPluginManager: Mounting plugin FacialAnimation
LogPluginManager: Mounting plugin GameplayTagsEditor
LogPluginManager: Mounting plugin MacGraphicsSwitching
LogPluginManager: Mounting plugin MaterialAnalyzer
LogPluginManager: Mounting plugin MobileLauncherProfileWizard
LogPluginManager: Mounting plugin PluginBrowser
LogPluginManager: Mounting plugin SpeedTreeImporter
LogPluginManager: Mounting plugin DatasmithContent
LogPluginManager: Mounting plugin VariantManagerContent
LogPluginManager: Mounting plugin AlembicImporter
LogPluginManager: Mounting plugin AutomationUtils
LogPluginManager: Mounting plugin BackChannel
LogPluginManager: Mounting plugin CharacterAI
LogPluginManager: Mounting plugin GeometryCache
LogPluginManager: Mounting plugin HTML5Networking
LogPluginManager: Mounting plugin PlatformCrypto
LogPluginManager: Mounting plugin ProxyLODPlugin
LogPluginManager: Mounting plugin SkeletalReduction
LogPluginManager: Mounting plugin MagicLeap
LogPluginManager: Mounting plugin MagicLeapMedia
LogPluginManager: Mounting plugin AndroidMedia
LogPluginManager: Mounting plugin AvfMedia
LogPluginManager: Mounting plugin ImgMedia
LogPluginManager: Mounting plugin MediaCompositing
LogPluginManager: Mounting plugin MediaPlayerEditor
LogPluginManager: Mounting plugin WebMMedia
LogPluginManager: Mounting plugin WmfMedia
LogPluginManager: Mounting plugin TcpMessaging
LogPluginManager: Mounting plugin UdpMessaging
LogPluginManager: Mounting plugin ActorSequence
LogPluginManager: Mounting plugin LevelSequenceEditor
LogPluginManager: Mounting plugin MatineeToLevelSequence
LogPluginManager: Mounting plugin NetcodeUnitTest
LogPluginManager: Mounting plugin NUTUnrealEngine4
LogPluginManager: Mounting plugin OnlineSubsystemGooglePlay
LogPluginManager: Mounting plugin OnlineSubsystemIOS
LogPluginManager: Mounting plugin OnlineSubsystem
LogPluginManager: Mounting plugin OnlineSubsystemNull
LogPluginManager: Mounting plugin OnlineSubsystemUtils
LogPluginManager: Mounting plugin LauncherChunkInstaller
LogPluginManager: Mounting plugin AndroidDeviceProfileSelector
LogPluginManager: Mounting plugin AndroidMoviePlayer
LogPluginManager: Mounting plugin AndroidPermission
LogPluginManager: Mounting plugin AppleImageUtils
LogPluginManager: Mounting plugin AppleMoviePlayer
LogPluginManager: Mounting plugin ArchVisCharacter
LogPluginManager: Mounting plugin AudioCapture
LogPluginManager: Mounting plugin CableComponent
LogPluginManager: Mounting plugin CustomMeshComponent
LogPluginManager: Mounting plugin EditableMesh
LogPluginManager: Mounting plugin ExampleDeviceProfileSelector
LogPluginManager: Mounting plugin GoogleCloudMessaging
LogPluginManager: Mounting plugin IOSDeviceProfileSelector
LogPluginManager: Mounting plugin LinuxDeviceProfileSelector
LogPluginManager: Mounting plugin LocationServicesBPLibrary
LogPluginManager: Mounting plugin MobilePatchingUtils
LogPluginManager: Mounting plugin OculusVR
LogPluginManager: Mounting plugin PhysXVehicles
LogPluginManager: Mounting plugin ProceduralMeshComponent
LogPluginManager: Mounting plugin RuntimePhysXCooking
LogPluginManager: Mounting plugin SignificanceManager
LogPluginManager: Mounting plugin SteamVR
LogPluginManager: Mounting plugin WebMMoviePlayer
LogPluginManager: Mounting plugin WindowsMoviePlayer
LogPluginManager: Mounting plugin ScreenshotTools
LogInit: Using libcurl 7.55.1-DEV
LogInit:  - built for x86_64-pc-win32
LogInit:  - supports SSL with OpenSSL/1.1.1
LogInit:  - supports HTTP deflate (compression) using libz 1.2.8
LogInit:  - other features:
LogInit:      CURL_VERSION_SSL
LogInit:      CURL_VERSION_LIBZ
LogInit:      CURL_VERSION_IPV6
LogInit:      CURL_VERSION_ASYNCHDNS
LogInit:      CURL_VERSION_LARGEFILE
LogInit:      CURL_VERSION_IDN
LogInit:  CurlRequestOptions (configurable via config and command line):
LogInit:  - bVerifyPeer = true  - Libcurl will verify peer certificate
LogInit:  - bUseHttpProxy = false  - Libcurl will NOT use HTTP proxy
LogInit:  - bDontReuseConnections = false  - Libcurl will reuse connections
LogInit:  - MaxHostConnections = 16  - Libcurl will limit the number of connections to a host
LogInit:  - LocalHostAddr = Default
LogInit:  - BufferSize = 65536
LogOnline: OSS: Creating online subsystem instance for: NULL
LogInit: WinSock: version 1.1 (2.2), MaxSocks=32767, MaxUdp=65467
LogInit: Build: ++UE4+Release-4.23-CL-9631420
LogInit: Engine Version: 4.23.1-9631420+++UE4+Release-4.23
LogInit: Compatible Engine Version: 4.23.0-8386587+++UE4+Release-4.23
LogInit: Net CL: 8386587
LogInit: OS: Windows 10 (Release 2009) (), CPU: Intel(R) Core(TM) i7-7700 CPU @ 3.60GHz, GPU: NVIDIA GeForce GTX 1060 6GB
LogInit: Compiled (64-bit): Oct 18 2019 02:07:44
LogInit: Compiled with Visual C++: 19.16.27030.01
LogInit: Build Configuration: Development
LogInit: Branch Name: ++UE4+Release-4.23
LogInit: Command Line:  /Game/Assets/Main -game -PIEVIACONSOLE -ResX=640 -ResY=480 -Multiprocess -messaging -SessionName="Play in Standalone Game" -port=17777 -windowed GameUserSettingsINI=D:/Projects/CubeCraft2_0/Saved/Config/Windows/PIEGameUserSettings0.ini -MultiprocessSaveConfig -MultiprocessOSS -server -log
LogInit: Base Directory: D:/EpicGames/UE_4.23/Engine/Binaries/Win64/
LogInit: Installed Engine Build: 1
LogDevObjectVersion: Number of dev versions registered: 23
LogDevObjectVersion:   Dev-Blueprints (B0D832E4-1F89-4F0D-ACCF-7EB736FD4AA2): 10
LogDevObjectVersion:   Dev-Build (E1C64328-A22C-4D53-A36C-8E866417BD8C): 0
LogDevObjectVersion:   Dev-Core (375EC13C-06E4-48FB-B500-84F0262A717E): 3
LogDevObjectVersion:   Dev-Editor (E4B068ED-F494-42E9-A231-DA0B2E46BB41): 34
LogDevObjectVersion:   Dev-Framework (CFFC743F-43B0-4480-9391-14DF171D2073): 35
LogDevObjectVersion:   Dev-Mobile (B02B49B5-BB20-44E9-A304-32B752E40360): 2
LogDevObjectVersion:   Dev-Networking (A4E4105C-59A1-49B5-A7C5-40C4547EDFEE): 0
LogDevObjectVersion:   Dev-Online (39C831C9-5AE6-47DC-9A44-9C173E1C8E7C): 0
LogDevObjectVersion:   Dev-Physics (78F01B33-EBEA-4F98-B9B4-84EACCB95AA2): 0
LogDevObjectVersion:   Dev-Platform (6631380F-2D4D-43E0-8009-CF276956A95A): 0
LogDevObjectVersion:   Dev-Rendering (12F88B9F-8875-4AFC-A67C-D90C383ABD29): 31
LogDevObjectVersion:   Dev-Sequencer (7B5AE74C-D270-4C10-A958-57980B212A5A): 11
LogDevObjectVersion:   Dev-VR (D7296918-1DD6-4BDD-9DE2-64A83CC13884): 2
LogDevObjectVersion:   Dev-LoadTimes (C2A15278-BFE7-4AFE-6C17-90FF531DF755): 1
LogDevObjectVersion:   Private-Geometry (6EACA3D4-40EC-4CC1-B786-8BED09428FC5): 3
LogDevObjectVersion:   Dev-AnimPhys (29E575DD-E0A3-4627-9D10-D276232CDCEA): 17
LogDevObjectVersion:   Dev-Anim (AF43A65D-7FD3-4947-9873-3E8ED9C1BB05): 2
LogDevObjectVersion:   Dev-ReflectionCapture (6B266CEC-1EC7-4B8F-A30B-E4D90942FC07): 1
LogDevObjectVersion:   Dev-Automation (0DF73D61-A23F-47EA-B727-89E90C41499A): 1
LogDevObjectVersion:   FortniteMain (601D1886-AC64-4F84-AA16-D3DE0DEAC7D6): 27
LogDevObjectVersion:   Dev-Enterprise (9DFFBCD6-494F-0158-E221-12823C92A888): 6
LogDevObjectVersion:   Dev-Niagara (F2AED0AC-9AFE-416F-8664-AA7FFA26D6FC): 1
LogDevObjectVersion:   Dev-Destruction (174F1F0B-B4C6-45A5-B13F-2EE8D0FB917D): 9
LogInit: Presizing for max 16777216 objects, including 0 objects not considered by GC, pre-allocating 0 bytes for permanent pool.
LogInit: Object subsystem initialized
LogConfig: Setting CVar [[con.DebugEarlyDefault:1]]
LogConfig: Setting CVar [[r.setres:1280x720]]
[2021.06.22-17.45.20:415][  0]LogConfig: Setting CVar [[con.DebugEarlyDefault:1]]
[2021.06.22-17.45.20:415][  0]LogConfig: Setting CVar [[r.setres:1280x720]]
[2021.06.22-17.45.20:416][  0]LogConfig: Applying CVar settings from Section [/Script/Engine.RendererSettings] File [D:/Projects/CubeCraft2_0/Saved/Config/Windows/Engine.ini]
[2021.06.22-17.45.20:416][  0]LogConfig: Setting CVar [[r.GPUCrashDebugging:0]]
[2021.06.22-17.45.20:416][  0]LogConfig: Applying CVar settings from Section [/Script/Engine.RendererOverrideSettings] File [D:/Projects/CubeCraft2_0/Saved/Config/Windows/Engine.ini]
[2021.06.22-17.45.20:418][  0]LogConfig: Applying CVar settings from Section [/Script/Engine.StreamingSettings] File [D:/Projects/CubeCraft2_0/Saved/Config/Windows/Engine.ini]
[2021.06.22-17.45.20:418][  0]LogConfig: Setting CVar [[s.MinBulkDataSizeForAsyncLoading:131072]]
[2021.06.22-17.45.20:419][  0]LogConfig: Setting CVar [[s.AsyncLoadingThreadEnabled:0]]
[2021.06.22-17.45.20:419][  0]LogConfig: Setting CVar [[s.EventDrivenLoaderEnabled:1]]
[2021.06.22-17.45.20:419][  0]LogConfig: Setting CVar [[s.WarnIfTimeLimitExceeded:0]]
[2021.06.22-17.45.20:419][  0]LogConfig: Setting CVar [[s.TimeLimitExceededMultiplier:1.5]]
[2021.06.22-17.45.20:420][  0]LogConfig: Setting CVar [[s.TimeLimitExceededMinTime:0.005]]
[2021.06.22-17.45.20:420][  0]LogConfig: Setting CVar [[s.UseBackgroundLevelStreaming:1]]
[2021.06.22-17.45.20:420][  0]LogConfig: Setting CVar [[s.PriorityAsyncLoadingExtraTime:15.0]]
[2021.06.22-17.45.20:421][  0]LogConfig: Setting CVar [[s.LevelStreamingActorsUpdateTimeLimit:5.0]]
[2021.06.22-17.45.20:421][  0]LogConfig: Setting CVar [[s.PriorityLevelStreamingActorsUpdateExtraTime:5.0]]
[2021.06.22-17.45.20:421][  0]LogConfig: Setting CVar [[s.LevelStreamingComponentsRegistrationGranularity:10]]
[2021.06.22-17.45.20:421][  0]LogConfig: Setting CVar [[s.UnregisterComponentsTimeLimit:1.0]]
[2021.06.22-17.45.20:422][  0]LogConfig: Setting CVar [[s.LevelStreamingComponentsUnregistrationGranularity:5]]
[2021.06.22-17.45.20:422][  0]LogConfig: Applying CVar settings from Section [/Script/Engine.GarbageCollectionSettings] File [D:/Projects/CubeCraft2_0/Saved/Config/Windows/Engine.ini]
[2021.06.22-17.45.20:422][  0]LogConfig: Setting CVar [[gc.MaxObjectsNotConsideredByGC:1]]
[2021.06.22-17.45.20:423][  0]LogConfig: Setting CVar [[gc.SizeOfPermanentObjectPool:0]]
[2021.06.22-17.45.20:423][  0]LogConfig: Setting CVar [[gc.FlushStreamingOnGC:0]]
[2021.06.22-17.45.20:425][  0]LogConfig: Setting CVar [[gc.NumRetriesBeforeForcingGC:10]]
[2021.06.22-17.45.20:425][  0]LogConfig: Setting CVar [[gc.AllowParallelGC:1]]
[2021.06.22-17.45.20:425][  0]LogConfig: Setting CVar [[gc.TimeBetweenPurgingPendingKillObjects:61.1]]
[2021.06.22-17.45.20:426][  0]LogConfig: Setting CVar [[gc.MaxObjectsInEditor:16777216]]
[2021.06.22-17.45.20:426][  0]LogConfig: Setting CVar [[gc.IncrementalBeginDestroyEnabled:1]]
[2021.06.22-17.45.20:426][  0]LogConfig: Setting CVar [[gc.CreateGCClusters:1]]
[2021.06.22-17.45.20:427][  0]LogConfig: Setting CVar [[gc.MinGCClusterSize:5]]
[2021.06.22-17.45.20:427][  0]LogConfig: Setting CVar [[gc.ActorClusteringEnabled:0]]
[2021.06.22-17.45.20:427][  0]LogConfig: Setting CVar [[gc.BlueprintClusteringEnabled:0]]
[2021.06.22-17.45.20:428][  0]LogConfig: Setting CVar [[gc.UseDisregardForGCOnDedicatedServers:0]]
[2021.06.22-17.45.20:428][  0]LogConfig: Applying CVar settings from Section [/Script/Engine.NetworkSettings] File [D:/Projects/CubeCraft2_0/Saved/Config/Windows/Engine.ini]
[2021.06.22-17.45.20:428][  0]LogConfig: Applying CVar settings from Section [/Script/UnrealEd.CookerSettings] File [D:/Projects/CubeCraft2_0/Saved/Config/Windows/Engine.ini]
[2021.06.22-17.45.20:428][  0]LogConfig: Applying CVar settings from Section [ViewDistanceQuality@3] File [D:/Projects/CubeCraft2_0/Saved/Config/Windows/Scalability.ini]
[2021.06.22-17.45.20:429][  0]LogConfig: Setting CVar [[r.SkeletalMeshLODBias:0]]
[2021.06.22-17.45.20:429][  0]LogConfig: Setting CVar [[r.ViewDistanceScale:1.0]]
[2021.06.22-17.45.20:429][  0]LogConfig: Applying CVar settings from Section [AntiAliasingQuality@3] File [D:/Projects/CubeCraft2_0/Saved/Config/Windows/Scalability.ini]
[2021.06.22-17.45.20:430][  0]LogConfig: Setting CVar [[r.PostProcessAAQuality:4]]
[2021.06.22-17.45.20:430][  0]LogConfig: Applying CVar settings from Section [ShadowQuality@3] File [D:/Projects/CubeCraft2_0/Saved/Config/Windows/Scalability.ini]
[2021.06.22-17.45.20:430][  0]LogConfig: Setting CVar [[r.LightFunctionQuality:1]]
[2021.06.22-17.45.20:431][  0]LogConfig: Setting CVar [[r.ShadowQuality:5]]
[2021.06.22-17.45.20:431][  0]LogConfig: Setting CVar [[r.Shadow.CSM.MaxCascades:10]]
[2021.06.22-17.45.20:431][  0]LogConfig: Setting CVar [[r.Shadow.MaxResolution:2048]]
[2021.06.22-17.45.20:432][  0]LogConfig: Setting CVar [[r.Shadow.MaxCSMResolution:2048]]
[2021.06.22-17.45.20:432][  0]LogConfig: Setting CVar [[r.Shadow.RadiusThreshold:0.01]]
[2021.06.22-17.45.20:433][  0]LogConfig: Setting CVar [[r.Shadow.DistanceScale:1.0]]
[2021.06.22-17.45.20:433][  0]LogConfig: Setting CVar [[r.Shadow.CSM.TransitionScale:1.0]]
[2021.06.22-17.45.20:433][  0]LogConfig: Setting CVar [[r.Shadow.PreShadowResolutionFactor:1.0]]
[2021.06.22-17.45.20:434][  0]LogConfig: Setting CVar [[r.DistanceFieldShadowing:1]]
[2021.06.22-17.45.20:434][  0]LogConfig: Setting CVar [[r.DistanceFieldAO:1]]
[2021.06.22-17.45.20:434][  0]LogConfig: Setting CVar [[r.AOQuality:2]]
[2021.06.22-17.45.20:434][  0]LogConfig: Setting CVar [[r.VolumetricFog:1]]
[2021.06.22-17.45.20:435][  0]LogConfig: Setting CVar [[r.VolumetricFog.GridPixelSize:8]]
[2021.06.22-17.45.20:435][  0]LogConfig: Setting CVar [[r.VolumetricFog.GridSizeZ:128]]
[2021.06.22-17.45.20:435][  0]LogConfig: Setting CVar [[r.VolumetricFog.HistoryMissSupersampleCount:4]]
[2021.06.22-17.45.20:436][  0]LogConfig: Setting CVar [[r.LightMaxDrawDistanceScale:1]]
[2021.06.22-17.45.20:436][  0]LogConfig: Setting CVar [[r.CapsuleShadows:1]]
[2021.06.22-17.45.20:436][  0]LogConfig: Applying CVar settings from Section [PostProcessQuality@3] File [D:/Projects/CubeCraft2_0/Saved/Config/Windows/Scalability.ini]
[2021.06.22-17.45.20:437][  0]LogConfig: Setting CVar [[r.MotionBlurQuality:4]]
[2021.06.22-17.45.20:437][  0]LogConfig: Setting CVar [[r.AmbientOcclusionMipLevelFactor:0.4]]
[2021.06.22-17.45.20:437][  0]LogConfig: Setting CVar [[r.AmbientOcclusionMaxQuality:100]]
[2021.06.22-17.45.20:438][  0]LogConfig: Setting CVar [[r.AmbientOcclusionLevels:-1]]
[2021.06.22-17.45.20:439][  0]LogConfig: Setting CVar [[r.AmbientOcclusionRadiusScale:1.0]]
[2021.06.22-17.45.20:439][  0]LogConfig: Setting CVar [[r.DepthOfFieldQuality:2]]
[2021.06.22-17.45.20:440][  0]LogConfig: Setting CVar [[r.RenderTargetPoolMin:400]]
[2021.06.22-17.45.20:440][  0]LogConfig: Setting CVar [[r.LensFlareQuality:2]]
[2021.06.22-17.45.20:441][  0]LogConfig: Setting CVar [[r.SceneColorFringeQuality:1]]
[2021.06.22-17.45.20:441][  0]LogConfig: Setting CVar [[r.EyeAdaptationQuality:2]]
[2021.06.22-17.45.20:441][  0]LogConfig: Setting CVar [[r.BloomQuality:5]]
[2021.06.22-17.45.20:442][  0]LogConfig: Setting CVar [[r.FastBlurThreshold:100]]
[2021.06.22-17.45.20:442][  0]LogConfig: Setting CVar [[r.Upscale.Quality:3]]
[2021.06.22-17.45.20:442][  0]LogConfig: Setting CVar [[r.Tonemapper.GrainQuantization:1]]
[2021.06.22-17.45.20:443][  0]LogConfig: Setting CVar [[r.LightShaftQuality:1]]
[2021.06.22-17.45.20:443][  0]LogConfig: Setting CVar [[r.Filter.SizeScale:1]]
[2021.06.22-17.45.20:443][  0]LogConfig: Setting CVar [[r.Tonemapper.Quality:5]]
[2021.06.22-17.45.20:444][  0]LogConfig: Setting CVar [[r.DOF.Gather.AccumulatorQuality:1        ; higher gathering accumulator quality]]
[2021.06.22-17.45.20:444][  0]LogConfig: Setting CVar [[r.DOF.Gather.PostfilterMethod:1          ; Median3x3 postfilering method]]
[2021.06.22-17.45.20:444][  0]LogConfig: Setting CVar [[r.DOF.Gather.EnableBokehSettings:0       ; no bokeh simulation when gathering]]
[2021.06.22-17.45.20:444][  0]LogConfig: Setting CVar [[r.DOF.Gather.RingCount:4                 ; medium number of samples when gathering]]
[2021.06.22-17.45.20:445][  0]LogConfig: Setting CVar [[r.DOF.Scatter.ForegroundCompositing:1    ; additive foreground scattering]]
[2021.06.22-17.45.20:445][  0]LogConfig: Setting CVar [[r.DOF.Scatter.BackgroundCompositing:2    ; additive background scattering]]
[2021.06.22-17.45.20:445][  0]LogConfig: Setting CVar [[r.DOF.Scatter.EnableBokehSettings:1      ; bokeh simulation when scattering]]
[2021.06.22-17.45.20:446][  0]LogConfig: Setting CVar [[r.DOF.Scatter.MaxSpriteRatio:0.1         ; only a maximum of 10% of scattered bokeh]]
[2021.06.22-17.45.20:446][  0]LogConfig: Setting CVar [[r.DOF.Recombine.Quality:1                ; cheap slight out of focus]]
[2021.06.22-17.45.20:446][  0]LogConfig: Setting CVar [[r.DOF.Recombine.EnableBokehSettings:0    ; no bokeh simulation on slight out of focus]]
[2021.06.22-17.45.20:447][  0]LogConfig: Setting CVar [[r.DOF.TemporalAAQuality:1                ; more stable temporal accumulation]]
[2021.06.22-17.45.20:447][  0]LogConfig: Setting CVar [[r.DOF.Kernel.MaxForegroundRadius:0.025]]
[2021.06.22-17.45.20:448][  0]LogConfig: Setting CVar [[r.DOF.Kernel.MaxBackgroundRadius:0.025]]
[2021.06.22-17.45.20:448][  0]LogConfig: Applying CVar settings from Section [TextureQuality@3] File [D:/Projects/CubeCraft2_0/Saved/Config/Windows/Scalability.ini]
[2021.06.22-17.45.20:449][  0]LogConfig: Setting CVar [[r.Streaming.MipBias:0]]
[2021.06.22-17.45.20:449][  0]LogConfig: Setting CVar [[r.Streaming.AmortizeCPUToGPUCopy:0]]
[2021.06.22-17.45.20:449][  0]LogConfig: Setting CVar [[r.Streaming.MaxNumTexturesToStreamPerFrame:0]]
[2021.06.22-17.45.20:449][  0]LogConfig: Setting CVar [[r.Streaming.Boost:1]]
[2021.06.22-17.45.20:450][  0]LogConfig: Setting CVar [[r.MaxAnisotropy:8]]
[2021.06.22-17.45.20:450][  0]LogConfig: Setting CVar [[r.Streaming.LimitPoolSizeToVRAM:0]]
[2021.06.22-17.45.20:450][  0]LogConfig: Setting CVar [[r.Streaming.PoolSize:1000]]
[2021.06.22-17.45.20:451][  0]LogConfig: Setting CVar [[r.Streaming.MaxEffectiveScreenSize:0]]
[2021.06.22-17.45.20:451][  0]LogConfig: Applying CVar settings from Section [EffectsQuality@3] File [D:/Projects/CubeCraft2_0/Saved/Config/Windows/Scalability.ini]
[2021.06.22-17.45.20:451][  0]LogConfig: Setting CVar [[r.TranslucencyLightingVolumeDim:64]]
[2021.06.22-17.45.20:452][  0]LogConfig: Setting CVar [[r.RefractionQuality:2]]
[2021.06.22-17.45.20:452][  0]LogConfig: Setting CVar [[r.SSR.Quality:3]]
[2021.06.22-17.45.20:452][  0]LogConfig: Setting CVar [[r.SceneColorFormat:4]]
[2021.06.22-17.45.20:453][  0]LogConfig: Setting CVar [[r.DetailMode:2]]
[2021.06.22-17.45.20:453][  0]LogConfig: Setting CVar [[r.TranslucencyVolumeBlur:1]]
[2021.06.22-17.45.20:453][  0]LogConfig: Setting CVar [[r.MaterialQualityLevel:1 ; High quality]]
[2021.06.22-17.45.20:453][  0]LogConfig: Setting CVar [[r.SSS.Scale:1]]
[2021.06.22-17.45.20:454][  0]LogConfig: Setting CVar [[r.SSS.SampleSet:2]]
[2021.06.22-17.45.20:455][  0]LogConfig: Setting CVar [[r.SSS.Quality:1]]
[2021.06.22-17.45.20:456][  0]LogConfig: Setting CVar [[r.SSS.HalfRes:1]]
[2021.06.22-17.45.20:456][  0]LogConfig: Setting CVar [[r.EmitterSpawnRateScale:1.0]]
[2021.06.22-17.45.20:456][  0]LogConfig: Setting CVar [[r.ParticleLightQuality:2]]
[2021.06.22-17.45.20:457][  0]LogConfig: Applying CVar settings from Section [FoliageQuality@3] File [D:/Projects/CubeCraft2_0/Saved/Config/Windows/Scalability.ini]
[2021.06.22-17.45.20:457][  0]LogConfig: Setting CVar [[foliage.DensityScale:1.0]]
[2021.06.22-17.45.20:457][  0]LogConfig: Setting CVar [[grass.DensityScale:1.0]]
[2021.06.22-17.45.20:458][  0]LogInit: Selected Device Profile: [Windows]
[2021.06.22-17.45.20:458][  0]LogInit: Applying CVar settings loaded from the selected device profile: [Windows]
[2021.06.22-17.45.20:461][  0]LogHAL: Display: Platform has ~ 16 GB [17134776320 / 17179869184 / 16], which maps to Larger [LargestMinGB=32, LargerMinGB=12, DefaultMinGB=8, SmallerMinGB=6, SmallestMinGB=0)
[2021.06.22-17.45.20:461][  0]LogInit: Going up to parent DeviceProfile []
[2021.06.22-17.45.20:461][  0]LogConfig: Applying CVar settings from Section [ViewDistanceQuality@3] File [D:/Projects/CubeCraft2_0/Saved/Config/Windows/Scalability.ini]
[2021.06.22-17.45.20:462][  0]LogConfig: Setting CVar [[r.SkeletalMeshLODBias:0]]
[2021.06.22-17.45.20:462][  0]LogConfig: Setting CVar [[r.ViewDistanceScale:1.0]]
[2021.06.22-17.45.20:463][  0]LogConfig: Applying CVar settings from Section [AntiAliasingQuality@3] File [D:/Projects/CubeCraft2_0/Saved/Config/Windows/Scalability.ini]
[2021.06.22-17.45.20:463][  0]LogConfig: Setting CVar [[r.PostProcessAAQuality:4]]
[2021.06.22-17.45.20:463][  0]LogConfig: Applying CVar settings from Section [ShadowQuality@3] File [D:/Projects/CubeCraft2_0/Saved/Config/Windows/Scalability.ini]
[2021.06.22-17.45.20:464][  0]LogConfig: Setting CVar [[r.LightFunctionQuality:1]]
[2021.06.22-17.45.20:464][  0]LogConfig: Setting CVar [[r.ShadowQuality:5]]
[2021.06.22-17.45.20:464][  0]LogConfig: Setting CVar [[r.Shadow.CSM.MaxCascades:10]]
[2021.06.22-17.45.20:465][  0]LogConfig: Setting CVar [[r.Shadow.MaxResolution:2048]]
[2021.06.22-17.45.20:465][  0]LogConfig: Setting CVar [[r.Shadow.MaxCSMResolution:2048]]
[2021.06.22-17.45.20:465][  0]LogConfig: Setting CVar [[r.Shadow.RadiusThreshold:0.01]]
[2021.06.22-17.45.20:465][  0]LogConfig: Setting CVar [[r.Shadow.DistanceScale:1.0]]
[2021.06.22-17.45.20:466][  0]LogConfig: Setting CVar [[r.Shadow.CSM.TransitionScale:1.0]]
[2021.06.22-17.45.20:466][  0]LogConfig: Setting CVar [[r.Shadow.PreShadowResolutionFactor:1.0]]
[2021.06.22-17.45.20:466][  0]LogConfig: Setting CVar [[r.DistanceFieldShadowing:1]]
[2021.06.22-17.45.20:467][  0]LogConfig: Setting CVar [[r.DistanceFieldAO:1]]
[2021.06.22-17.45.20:467][  0]LogConfig: Setting CVar [[r.AOQuality:2]]
[2021.06.22-17.45.20:467][  0]LogConfig: Setting CVar [[r.VolumetricFog:1]]
[2021.06.22-17.45.20:468][  0]LogConfig: Setting CVar [[r.VolumetricFog.GridPixelSize:8]]
[2021.06.22-17.45.20:468][  0]LogConfig: Setting CVar [[r.VolumetricFog.GridSizeZ:128]]
[2021.06.22-17.45.20:468][  0]LogConfig: Setting CVar [[r.VolumetricFog.HistoryMissSupersampleCount:4]]
[2021.06.22-17.45.20:469][  0]LogConfig: Setting CVar [[r.LightMaxDrawDistanceScale:1]]
[2021.06.22-17.45.20:469][  0]LogConfig: Setting CVar [[r.CapsuleShadows:1]]
[2021.06.22-17.45.20:469][  0]LogConfig: Applying CVar settings from Section [PostProcessQuality@3] File [D:/Projects/CubeCraft2_0/Saved/Config/Windows/Scalability.ini]
[2021.06.22-17.45.20:470][  0]LogConfig: Setting CVar [[r.MotionBlurQuality:4]]
[2021.06.22-17.45.20:471][  0]LogConfig: Setting CVar [[r.AmbientOcclusionMipLevelFactor:0.4]]
[2021.06.22-17.45.20:472][  0]LogConfig: Setting CVar [[r.AmbientOcclusionMaxQuality:100]]
[2021.06.22-17.45.20:472][  0]LogConfig: Setting CVar [[r.AmbientOcclusionLevels:-1]]
[2021.06.22-17.45.20:473][  0]LogConfig: Setting CVar [[r.AmbientOcclusionRadiusScale:1.0]]
[2021.06.22-17.45.20:473][  0]LogConfig: Setting CVar [[r.DepthOfFieldQuality:2]]
[2021.06.22-17.45.20:473][  0]LogConfig: Setting CVar [[r.RenderTargetPoolMin:400]]
[2021.06.22-17.45.20:474][  0]LogConfig: Setting CVar [[r.LensFlareQuality:2]]
[2021.06.22-17.45.20:474][  0]LogConfig: Setting CVar [[r.SceneColorFringeQuality:1]]
[2021.06.22-17.45.20:475][  0]LogConfig: Setting CVar [[r.EyeAdaptationQuality:2]]
[2021.06.22-17.45.20:475][  0]LogConfig: Setting CVar [[r.BloomQuality:5]]
[2021.06.22-17.45.20:476][  0]LogConfig: Setting CVar [[r.FastBlurThreshold:100]]
[2021.06.22-17.45.20:476][  0]LogConfig: Setting CVar [[r.Upscale.Quality:3]]
[2021.06.22-17.45.20:477][  0]LogConfig: Setting CVar [[r.Tonemapper.GrainQuantization:1]]
[2021.06.22-17.45.20:478][  0]LogConfig: Setting CVar [[r.LightShaftQuality:1]]
[2021.06.22-17.45.20:479][  0]LogConfig: Setting CVar [[r.Filter.SizeScale:1]]
[2021.06.22-17.45.20:479][  0]LogConfig: Setting CVar [[r.Tonemapper.Quality:5]]
[2021.06.22-17.45.20:479][  0]LogConfig: Setting CVar [[r.DOF.Gather.AccumulatorQuality:1        ; higher gathering accumulator quality]]
[2021.06.22-17.45.20:480][  0]LogConfig: Setting CVar [[r.DOF.Gather.PostfilterMethod:1          ; Median3x3 postfilering method]]
[2021.06.22-17.45.20:480][  0]LogConfig: Setting CVar [[r.DOF.Gather.EnableBokehSettings:0       ; no bokeh simulation when gathering]]
[2021.06.22-17.45.20:481][  0]LogConfig: Setting CVar [[r.DOF.Gather.RingCount:4                 ; medium number of samples when gathering]]
[2021.06.22-17.45.20:481][  0]LogConfig: Setting CVar [[r.DOF.Scatter.ForegroundCompositing:1    ; additive foreground scattering]]
[2021.06.22-17.45.20:481][  0]LogConfig: Setting CVar [[r.DOF.Scatter.BackgroundCompositing:2    ; additive background scattering]]
[2021.06.22-17.45.20:482][  0]LogConfig: Setting CVar [[r.DOF.Scatter.EnableBokehSettings:1      ; bokeh simulation when scattering]]
[2021.06.22-17.45.20:482][  0]LogConfig: Setting CVar [[r.DOF.Scatter.MaxSpriteRatio:0.1         ; only a maximum of 10% of scattered bokeh]]
[2021.06.22-17.45.20:482][  0]LogConfig: Setting CVar [[r.DOF.Recombine.Quality:1                ; cheap slight out of focus]]
[2021.06.22-17.45.20:483][  0]LogConfig: Setting CVar [[r.DOF.Recombine.EnableBokehSettings:0    ; no bokeh simulation on slight out of focus]]
[2021.06.22-17.45.20:483][  0]LogConfig: Setting CVar [[r.DOF.TemporalAAQuality:1                ; more stable temporal accumulation]]
[2021.06.22-17.45.20:483][  0]LogConfig: Setting CVar [[r.DOF.Kernel.MaxForegroundRadius:0.025]]
[2021.06.22-17.45.20:484][  0]LogConfig: Setting CVar [[r.DOF.Kernel.MaxBackgroundRadius:0.025]]
[2021.06.22-17.45.20:484][  0]LogConfig: Applying CVar settings from Section [TextureQuality@3] File [D:/Projects/CubeCraft2_0/Saved/Config/Windows/Scalability.ini]
[2021.06.22-17.45.20:485][  0]LogConfig: Setting CVar [[r.Streaming.MipBias:0]]
[2021.06.22-17.45.20:485][  0]LogConfig: Setting CVar [[r.Streaming.AmortizeCPUToGPUCopy:0]]
[2021.06.22-17.45.20:485][  0]LogConfig: Setting CVar [[r.Streaming.MaxNumTexturesToStreamPerFrame:0]]
[2021.06.22-17.45.20:486][  0]LogConfig: Setting CVar [[r.Streaming.Boost:1]]
[2021.06.22-17.45.20:488][  0]LogConfig: Setting CVar [[r.MaxAnisotropy:8]]
[2021.06.22-17.45.20:488][  0]LogConfig: Setting CVar [[r.Streaming.LimitPoolSizeToVRAM:0]]
[2021.06.22-17.45.20:489][  0]LogConfig: Setting CVar [[r.Streaming.PoolSize:1000]]
[2021.06.22-17.45.20:489][  0]LogConfig: Setting CVar [[r.Streaming.MaxEffectiveScreenSize:0]]
[2021.06.22-17.45.20:489][  0]LogConfig: Applying CVar settings from Section [EffectsQuality@3] File [D:/Projects/CubeCraft2_0/Saved/Config/Windows/Scalability.ini]
[2021.06.22-17.45.20:490][  0]LogConfig: Setting CVar [[r.TranslucencyLightingVolumeDim:64]]
[2021.06.22-17.45.20:490][  0]LogConfig: Setting CVar [[r.RefractionQuality:2]]
[2021.06.22-17.45.20:491][  0]LogConfig: Setting CVar [[r.SSR.Quality:3]]
[2021.06.22-17.45.20:491][  0]LogConfig: Setting CVar [[r.SceneColorFormat:4]]
[2021.06.22-17.45.20:492][  0]LogConfig: Setting CVar [[r.DetailMode:2]]
[2021.06.22-17.45.20:493][  0]LogConfig: Setting CVar [[r.TranslucencyVolumeBlur:1]]
[2021.06.22-17.45.20:494][  0]LogConfig: Setting CVar [[r.MaterialQualityLevel:1 ; High quality]]
[2021.06.22-17.45.20:494][  0]LogConfig: Setting CVar [[r.SSS.Scale:1]]
[2021.06.22-17.45.20:495][  0]LogConfig: Setting CVar [[r.SSS.SampleSet:2]]
[2021.06.22-17.45.20:496][  0]LogConfig: Setting CVar [[r.SSS.Quality:1]]
[2021.06.22-17.45.20:497][  0]LogConfig: Setting CVar [[r.SSS.HalfRes:1]]
[2021.06.22-17.45.20:497][  0]LogConfig: Setting CVar [[r.EmitterSpawnRateScale:1.0]]
[2021.06.22-17.45.20:498][  0]LogConfig: Setting CVar [[r.ParticleLightQuality:2]]
[2021.06.22-17.45.20:498][  0]LogConfig: Applying CVar settings from Section [FoliageQuality@3] File [D:/Projects/CubeCraft2_0/Saved/Config/Windows/Scalability.ini]
[2021.06.22-17.45.20:499][  0]LogConfig: Setting CVar [[foliage.DensityScale:1.0]]
[2021.06.22-17.45.20:499][  0]LogConfig: Setting CVar [[grass.DensityScale:1.0]]
[2021.06.22-17.45.20:499][  0]LogConfig: Applying CVar settings from Section [Startup] File [../../../Engine/Config/ConsoleVariables.ini]
[2021.06.22-17.45.20:500][  0]LogConfig: Setting CVar [[net.UseAdaptiveNetUpdateFrequency:0]]
[2021.06.22-17.45.20:500][  0]LogConfig: Setting CVar [[p.chaos.AllowCreatePhysxBodies:1]]
[2021.06.22-17.45.20:500][  0]LogConfig: Applying CVar settings from Section [ConsoleVariables] File [D:/Projects/CubeCraft2_0/Saved/Config/Windows/Engine.ini]
[2021.06.22-17.45.20:501][  0]LogInit: Computer: WHITESTORMPC
[2021.06.22-17.45.20:501][  0]LogInit: User: andrz
[2021.06.22-17.45.20:502][  0]LogInit: CPU Page size=4096, Cores=4
[2021.06.22-17.45.20:502][  0]LogInit: High frequency timer resolution =10.000000 MHz
[2021.06.22-17.45.20:504][  0]LogMemory: Memory total: Physical=16.0GB (16GB approx)
[2021.06.22-17.45.20:504][  0]LogMemory: Platform Memory Stats for Windows
[2021.06.22-17.45.20:505][  0]LogMemory: Process Physical Memory: 101.44 MB used, 101.44 MB peak
[2021.06.22-17.45.20:505][  0]LogMemory: Process Virtual Memory: 88.55 MB used, 88.55 MB peak
[2021.06.22-17.45.20:505][  0]LogMemory: Physical Memory: 10904.02 MB used,  5436.98 MB free, 16341.00 MB total
[2021.06.22-17.45.20:506][  0]LogMemory: Virtual Memory: 4645.72 MB used,  134213080.00 MB free, 134217728.00 MB total
[2021.06.22-17.45.20:509][  0]LogWindows: WindowsPlatformFeatures disabled or dedicated server build
[2021.06.22-17.45.20:545][  0]LogInit: Using OS detected language (pl-PL).
[2021.06.22-17.45.20:546][  0]LogInit: Using OS detected locale (en-GB).
[2021.06.22-17.45.20:548][  0]LogTextLocalizationManager: No specific localization for 'pl-PL' exists, so the 'pl' localization will be used.
[2021.06.22-17.45.20:548][  0]LogTextLocalizationResource: LocRes '../../../Engine/Content/Localization/Editor/pl/Editor.locres' could not be opened for reading!
[2021.06.22-17.45.20:549][  0]LogTextLocalizationResource: LocRes '../../../Engine/Content/Localization/EditorTutorials/pl/EditorTutorials.locres' could not be opened for reading!
[2021.06.22-17.45.20:549][  0]LogTextLocalizationResource: LocRes '../../../Engine/Content/Localization/Keywords/pl/Keywords.locres' could not be opened for reading!
[2021.06.22-17.45.20:550][  0]LogTextLocalizationResource: LocRes '../../../Engine/Content/Localization/Category/pl/Category.locres' could not be opened for reading!
[2021.06.22-17.45.20:550][  0]LogTextLocalizationResource: LocRes '../../../Engine/Content/Localization/ToolTips/pl/ToolTips.locres' could not be opened for reading!
[2021.06.22-17.45.20:551][  0]LogTextLocalizationResource: LocRes '../../../Engine/Content/Localization/PropertyNames/pl/PropertyNames.locres' could not be opened for reading!
[2021.06.22-17.45.20:551][  0]LogTextLocalizationResource: LocRes '../../../Engine/Content/Localization/Engine/pl/Engine.locres' could not be opened for reading!
[2021.06.22-17.45.20:872][  0]LogTemp: Display: Module 'WindowsClientTargetPlatform' loaded TargetPlatform 'WindowsClient'
[2021.06.22-17.45.20:880][  0]LogTemp: Display: Module 'WindowsNoEditorTargetPlatform' loaded TargetPlatform 'WindowsNoEditor'
[2021.06.22-17.45.20:887][  0]LogTemp: Display: Module 'WindowsServerTargetPlatform' loaded TargetPlatform 'WindowsServer'
[2021.06.22-17.45.20:892][  0]LogTemp: Display: Module 'WindowsTargetPlatform' loaded TargetPlatform 'Windows'
[2021.06.22-17.45.20:892][  0]LogTargetPlatformManager: Display: Building Assets For Windows
[2021.06.22-17.45.20:903][  0]LogAudioDebug: Display: Lib vorbis DLL was dynamically loaded.
[2021.06.22-17.45.20:942][  0]LogShaderCompilers: Guid format shader working directory is 9 characters bigger than the processId version (../../../../../Projects/CubeCraft2_0/Intermediate/Shaders/WorkingDirectory/24888/).
[2021.06.22-17.45.20:942][  0]LogShaderCompilers: Cleaned the shader compiler working directory 'C:/Users/andrz/AppData/Local/Temp/UnrealShaderWorkingDir/BCE3B55045E22604BD1664A5F617E436/'.
[2021.06.22-17.45.20:945][  0]LogShaderCompilers: Display: Using XGE Shader Compiler (Interception Interface).
[2021.06.22-17.45.21:415][  0]LogDerivedDataCache: Display: Max Cache Size: 512 MB
[2021.06.22-17.45.21:461][  0]LogDerivedDataCache: Loaded boot cache 0.05s 76MB C:/Users/andrz/AppData/Local/UnrealEngine/4.23/DerivedDataCache/Boot.ddc.
[2021.06.22-17.45.21:462][  0]LogDerivedDataCache: Display: Loaded Boot cache: C:/Users/andrz/AppData/Local/UnrealEngine/4.23/DerivedDataCache/Boot.ddc
[2021.06.22-17.45.21:463][  0]LogDerivedDataCache: FDerivedDataBackendGraph:  Pak pak cache file ../../../../../Projects/CubeCraft2_0/DerivedDataCache/DDC.ddp not found, will not use a pak cache.
[2021.06.22-17.45.21:463][  0]LogDerivedDataCache: Unable to find inner node Pak for hierarchical cache Hierarchy.
[2021.06.22-17.45.21:463][  0]LogDerivedDataCache: FDerivedDataBackendGraph:  CompressedPak pak cache file ../../../../../Projects/CubeCraft2_0/DerivedDataCache/Compressed.ddp not found, will not use a pak cache.
[2021.06.22-17.45.21:465][  0]LogDerivedDataCache: Unable to find inner node CompressedPak for hierarchical cache Hierarchy.
[2021.06.22-17.45.21:475][  0]LogDerivedDataCache: Display: Pak cache opened for reading ../../../Engine/DerivedDataCache/Compressed.ddp.
[2021.06.22-17.45.21:475][  0]LogDerivedDataCache: FDerivedDataBackendGraph:  EnterprisePak pak cache file ../../../Enterprise/DerivedDataCache/Compressed.ddp not found, will not use a pak cache.
[2021.06.22-17.45.21:476][  0]LogDerivedDataCache: Unable to find inner node EnterprisePak for hierarchical cache Hierarchy.
[2021.06.22-17.45.21:477][  0]LogDerivedDataCache: Using Local data cache path C:/Users/andrz/AppData/Local/UnrealEngine/Common/DerivedDataCache: Writable
[2021.06.22-17.45.21:477][  0]LogDerivedDataCache: Shared data cache path not found in *engine.ini, will not use an Shared cache.
[2021.06.22-17.45.21:478][  0]LogDerivedDataCache: Unable to find inner node Shared for hierarchical cache Hierarchy.
[2021.06.22-17.45.21:481][  0]LogInit: Using OS detected language (pl-PL).
[2021.06.22-17.45.21:481][  0]LogInit: Using OS detected locale (en-GB).
[2021.06.22-17.45.21:482][  0]LogTextLocalizationManager: No localization for 'pl-PL' exists, so 'en' will be used for the language.
[2021.06.22-17.45.21:482][  0]LogTextLocalizationManager: No localization for 'en-GB' exists, so 'en' will be used for the locale.
[2021.06.22-17.45.21:483][  0]LogTextLocalizationManager: Compacting localization data took   0.00ms
[2021.06.22-17.45.21:487][  0]LogAssetRegistry: FAssetRegistry took 0.0016 seconds to start up
[2021.06.22-17.45.21:689][  0]LogPackageLocalizationCache: Processed 12 localized package path(s) for 1 prioritized culture(s) in 0.000915 seconds
[2021.06.22-17.45.21:737][  0]LogInit: Selected Device Profile: [Windows]
[2021.06.22-17.45.21:765][  0]LogMeshReduction: Using QuadricMeshReduction for automatic static mesh reduction
[2021.06.22-17.45.21:765][  0]LogMeshReduction: Using SimplygonMeshReduction for automatic skeletal mesh reduction
[2021.06.22-17.45.21:766][  0]LogMeshReduction: Using ProxyLODMeshReduction for automatic mesh merging
[2021.06.22-17.45.21:766][  0]LogMeshReduction: No distributed automatic mesh merging module available
[2021.06.22-17.45.21:767][  0]LogMeshMerging: No distributed automatic mesh merging module available
[2021.06.22-17.45.21:773][  0]LogNetVersion: CubeCraft2_0 1.0.0, NetCL: 8386587, EngineNetVer: 11, GameNetVer: 0 (Checksum: 447841499)
[2021.06.22-17.45.21:971][  0]LogTcpMessaging: Initializing TcpMessaging bridge
[2021.06.22-17.45.21:973][  0]LogUdpMessaging: Initializing bridge on interface 0.0.0.0:0 to multicast group 230.0.0.1:6666.
[2021.06.22-17.45.22:002][  0]SourceControl: Source control is disabled
[2021.06.22-17.45.22:002][  0]SourceControl: Source control is disabled
[2021.06.22-17.45.22:004][  0]SourceControl: Source control is disabled
[2021.06.22-17.45.22:043][  0]LogAndroidPermission: UAndroidPermissionCallbackProxy::GetInstance
[2021.06.22-17.45.22:320][  0]LogOcInput: OculusInput pre-init called
[2021.06.22-17.45.22:329][  0]LogUObjectArray: 48828 objects as part of root set at end of initial load.
[2021.06.22-17.45.22:329][  0]LogUObjectAllocator: 8605384 out of 0 bytes used by permanent object pool.
[2021.06.22-17.45.22:330][  0]LogUObjectArray: CloseDisregardForGC: 0/0 objects in disregard for GC pool
[2021.06.22-17.45.22:361][  0]LogEngine: Initializing Engine...
[2021.06.22-17.45.22:363][  0]LogStats: UGameplayTagsManager::InitializeManager -  0.000 s
[2021.06.22-17.45.22:380][  0]LogInit: Initializing FReadOnlyCVARCache
[2021.06.22-17.45.22:380][  0]LogNetVersion: Set ProjectVersion to 1.0.0.0. Version Checksum will be recalculated on next use.
[2021.06.22-17.45.22:383][  0]LogInit: Texture streaming: Disabled
[2021.06.22-17.45.22:420][  0]LogInit: Display: Game Engine Initialized.
[2021.06.22-17.45.22:448][  0]LogInit: Display: Starting Game.
[2021.06.22-17.45.22:448][  0]LogNet: Browse: /Game/Assets/Main?Name=Player
[2021.06.22-17.45.22:449][  0]LogLoad: LoadMap: /Game/Assets/Main?Name=Player
[2021.06.22-17.45.22:449][  0]LogWorld: BeginTearingDown for /Temp/Untitled_0
[2021.06.22-17.45.22:450][  0]LogWorld: UWorld::CleanupWorld for Untitled, bSessionEnded=true, bCleanupResources=true
[2021.06.22-17.45.22:469][  0]LogUObjectHash: Compacting FUObjectHashTables data took   1.51ms
[2021.06.22-17.45.22:589][  0]LogAIModule: Creating AISystem for world Main
[2021.06.22-17.45.22:718][  0]LogLoad: Game class is 'BP_CubeCraftGameModeBase_C'
[2021.06.22-17.45.22:718][  0]LogTemp: Display: ParseSettings for GameNetDriver
[2021.06.22-17.45.22:719][  0]LogTemp: Display: ParseSettings for IpNetDriver_0
[2021.06.22-17.45.22:719][  0]LogTemp: Display: ParseSettings for GameNetDriver
[2021.06.22-17.45.22:720][  0]LogNet: ReplicationDriverClass is null! Not using ReplicationDriver.
[2021.06.22-17.45.22:720][  0]PacketHandlerLog: DDoS detection status: detection enabled: 0 analytics enabled: 0
[2021.06.22-17.45.22:723][  0]LogInit: WinSock: I am WhiteStormPC (192.168.2.11:0)
[2021.06.22-17.45.22:723][  0]LogInit: WinSock: Socket queue. Rx: 131072 (config 131072) Tx: 131072 (config 131072)
[2021.06.22-17.45.22:724][  0]PacketHandlerLog: Loaded PacketHandler component: Engine.EngineHandlerComponentFactory (StatelessConnectHandlerComponent)
[2021.06.22-17.45.22:724][  0]LogNet: GameNetDriver IpNetDriver_0 IpNetDriver listening on port 17777
[2021.06.22-17.45.22:727][  0]LogWorld: Bringing World /Game/Assets/Main.Main up for play (max tick rate 30) at 2021.06.22-19.45.22
[2021.06.22-17.45.22:728][  0]LogWorld: Bringing up level for play took: 0.002753
[2021.06.22-17.45.22:774][  0]LogLoad: Took 0.325753 seconds to LoadMap(/Game/Assets/Main)
[2021.06.22-17.45.22:790][  0]LogLoad: (Engine Initialization) Total time: 3.88 seconds
[2021.06.22-17.45.22:790][  0]LogLoad: (Engine Initialization) Total Blueprint compile time: 0.00 seconds
[2021.06.22-17.45.23:923][ 33]LogNet: NotifyAcceptingConnection accepted from: 127.0.0.1:54568
[2021.06.22-17.45.23:923][ 33]LogHandshake: SendConnectChallenge. Timestamp: 1.132045, Cookie: 160210241224238227148142194188186035223249106085135156003025
[2021.06.22-17.45.23:957][ 34]LogNet: NotifyAcceptingConnection accepted from: 127.0.0.1:54568
[2021.06.22-17.45.23:957][ 34]LogHandshake: SendChallengeAck. InCookie: 160210241224238227148142194188186035223249106085135156003025
[2021.06.22-17.45.23:957][ 34]LogNet: Server accepting post-challenge connection from: 127.0.0.1:54568
[2021.06.22-17.45.23:958][ 34]PacketHandlerLog: Loaded PacketHandler component: Engine.EngineHandlerComponentFactory (StatelessConnectHandlerComponent)
[2021.06.22-17.45.23:958][ 34]LogNet: NotifyAcceptedConnection: Name: Main, TimeStamp: 06/22/21 19:45:23, [UNetConnection] RemoteAddr: 127.0.0.1:54568, Name: IpConnection_0, Driver: GameNetDriver IpNetDriver_0, IsServer: YES, PC: NULL, Owner: NULL, UniqueId: INVALID
[2021.06.22-17.45.23:959][ 34]LogNet: AddClientConnection: Added client connection: [UNetConnection] RemoteAddr: 127.0.0.1:54568, Name: IpConnection_0, Driver: GameNetDriver IpNetDriver_0, IsServer: YES, PC: NULL, Owner: NULL, UniqueId: INVALID
[2021.06.22-17.45.23:989][ 35]LogNet: NotifyAcceptingChannel Control 0 server World /Game/Assets/Main.Main: Accepted
[2021.06.22-17.45.23:989][ 35]LogNet: Remote platform little endian=1
[2021.06.22-17.45.23:990][ 35]LogNet: This platform little endian=1
[2021.06.22-17.45.23:991][ 35]LogNetVersion: CubeCraft2_0 1.0.0.0, NetCL: 8386587, EngineNetVer: 11, GameNetVer: 0 (Checksum: 1456303575)
[2021.06.22-17.45.24:022][ 36]LogNet: Login request: /Game/Assets/Main?Name=WhiteStormPC-28A4799F4E85FB58327A72960D79FA09 userId: NULL:WhiteStormPC-28A4799F4E85FB58327A72960D79FA09 platform: NULL
[2021.06.22-17.45.24:055][ 37]LogNet: Client netspeed is 10000
[2021.06.22-17.45.24:256][ 43]LogNet: Join request: /Game/Assets/Main?Name=WhiteStormPC-28A4799F4E85FB58327A72960D79FA09?SplitscreenCount=1
[2021.06.22-17.45.24:256][ 43]LogOnlineSession: Warning: OSS: No game present to join for session (GameSession)
[2021.06.22-17.45.24:260][ 43]LogNet: Join succeeded: WhiteStormPC-28A4799
[2021.06.22-17.45.32:184][282]LogNet: UChannel::ReceivedSequencedBunch: Bunch.bClose == true. ChIndex == 0. Calling ConditionalCleanUp.
[2021.06.22-17.45.32:184][282]LogNet: UChannel::CleanUp: ChIndex == 0. Closing connection. [UChannel] ChIndex: 0, Closing: 0 [UNetConnection] RemoteAddr: 127.0.0.1:54568, Name: IpConnection_0, Driver: GameNetDriver IpNetDriver_0, IsServer: YES, PC: CubeCraftPlayerController_0, Owner: CubeCraftPlayerController_0, UniqueId: NULL:WhiteStormPC-28A4799F4E85FB58327A72960D79FA09
[2021.06.22-17.45.32:185][282]LogNet: UNetConnection::Close: [UNetConnection] RemoteAddr: 127.0.0.1:54568, Name: IpConnection_0, Driver: GameNetDriver IpNetDriver_0, IsServer: YES, PC: CubeCraftPlayerController_0, Owner: CubeCraftPlayerController_0, UniqueId: NULL:WhiteStormPC-28A4799F4E85FB58327A72960D79FA09, Channels: 309, Time: 2021.06.22-17.45.32
[2021.06.22-17.45.32:185][282]LogNet: UChannel::Close: Sending CloseBunch. ChIndex == 0. Name: [UChannel] ChIndex: 0, Closing: 0 [UNetConnection] RemoteAddr: 127.0.0.1:54568, Name: IpConnection_0, Driver: GameNetDriver IpNetDriver_0, IsServer: YES, PC: CubeCraftPlayerController_0, Owner: CubeCraftPlayerController_0, UniqueId: NULL:WhiteStormPC-28A4799F4E85FB58327A72960D79FA09
[2021.06.22-17.45.32:186][282]LogOnlineSession: Warning: OSS: No game present to leave for session (GameSession)
