AndroidPlatformFactory.RegisterBuildPlatforms: UnrealBuildTool.AndroidPlatformSDK has no valid SDK
IOSPlatformFactory.RegisterBuildPlatforms: UnrealBuildTool.IOSPlatformSDK has no valid SDK
HTML5PlatformFactory.RegisterBuildPlatforms: UnrealBuildTool.HTML5PlatformSDK using manually installed SDK
LinuxPlatformFactory.RegisterBuildPlatforms: UnrealBuildTool.LinuxPlatformSDK has no valid SDK
WindowsPlatformFactory.RegisterBuildPlatforms: UnrealBuildTool.WindowsPlatformSDK using manually installed SDK
ProjectFileGenerator.GenerateProjectFiles: Discovering modules, targets and source code for project...
WindowsPlatform.FindVSInstallDirs: Found Visual Studio installation: C:\Program Files (x86)\Microsoft Visual Studio\2019\Enterprise (Product=Microsoft.VisualStudio.Product.Enterprise, Version=16.9.31112.23, Sort=0)
WindowsPlatform.FindToolChainDirs: Found Visual Studio toolchain: C:\Program Files (x86)\Microsoft Visual Studio\2019\Enterprise\VC\Tools\MSVC\14.28.29910 (Version=14.28.29910)
WindowsPlatform.EnumerateSdkRootDirs: Found Windows 10 SDK root at C:\Program Files (x86)\Windows Kits\10 (1)
WindowsPlatform.EnumerateSdkRootDirs: Found Windows 10 SDK root at C:\Program Files (x86)\Windows Kits\10 (2)
WindowsPlatform.UpdateCachedWindowsSdks: Found Windows 10 SDK version 10.0.17763.0 at C:\Program Files (x86)\Windows Kits\10
WindowsPlatform.UpdateCachedWindowsSdks: Found Universal CRT version 10.0.17763.0 at C:\Program Files (x86)\Windows Kits\10
WindowsPlatform.UpdateCachedWindowsSdks: Found Windows 10 SDK version 10.0.18362.0 at C:\Program Files (x86)\Windows Kits\10
WindowsPlatform.UpdateCachedWindowsSdks: Found Universal CRT version 10.0.18362.0 at C:\Program Files (x86)\Windows Kits\10
WindowsPlatform.UpdateCachedWindowsSdks: Found Windows 10 SDK version 10.0.19041.0 at C:\Program Files (x86)\Windows Kits\10
WindowsPlatform.UpdateCachedWindowsSdks: Found Universal CRT version 10.0.19041.0 at C:\Program Files (x86)\Windows Kits\10
DynamicCompilation.RequiresCompilation: Compiling D:\Projects\CubeCraft2_0\Intermediate\Build\BuildRules\CubeCraft2_0ModuleRules.dll: Added source file (D:\Projects\CubeCraft2_0\Intermediate\Build\BuildRules\CubeCraft2_0ModuleRulesSourceFiles.txt)
DynamicCompilation.CompileAssembly: While compiling D:\Projects\CubeCraft2_0\Intermediate\Build\BuildRules\CubeCraft2_0ModuleRules.dll:
DynamicCompilation.CompileAssembly: d:\Projects\CubeCraft2_0\Source\CubeCraft2_0Server.Target.cs(11,9) : error CS0103: Nazwa „DefaultBuildSettings” nie istnieje w bieżącym kontekście.
DynamicCompilation.CompileAssembly: d:\Projects\CubeCraft2_0\Source\CubeCraft2_0Server.Target.cs(11,32) : error CS0103: Nazwa „BuildSettingsVersion” nie istnieje w bieżącym kontekście.
UnrealBuildTool.Main: ERROR: Unable to compile source files.
UnrealBuildTool.Main: BuildException: Unable to compile source files.
UnrealBuildTool.Main:    w UnrealBuildTool.DynamicCompilation.CompileAssembly(FileReference OutputAssemblyPath, HashSet`1 SourceFileNames, List`1 ReferencedAssembies, List`1 PreprocessorDefines, Boolean TreatWarningsAsErrors) w D:\Build\++UE4\Sync\Engine\Saved\CsTools\Engine\Source\Programs\UnrealBuildTool\System\DynamicCompilation.cs:wiersz 362
UnrealBuildTool.Main:    w UnrealBuildTool.DynamicCompilation.CompileAndLoadAssembly(FileReference OutputAssemblyPath, HashSet`1 SourceFileNames, List`1 ReferencedAssembies, List`1 PreprocessorDefines, Boolean DoNotCompile, Boolean TreatWarningsAsErrors) w D:\Build\++UE4\Sync\Engine\Saved\CsTools\Engine\Source\Programs\UnrealBuildTool\System\DynamicCompilation.cs:wiersz 428
UnrealBuildTool.Main:    w UnrealBuildTool.RulesAssembly..ctor(RulesScope Scope, DirectoryReference BaseDir, IReadOnlyList`1 Plugins, Dictionary`2 ModuleFileToContext, List`1 TargetFiles, FileReference AssemblyFileName, Boolean bContainsEngineModules, Boolean bUseBackwardsCompatibleDefaults, Boolean bReadOnly, Boolean bSkipCompile, RulesAssembly Parent) w D:\Build\++UE4\Sync\Engine\Saved\CsTools\Engine\Source\Programs\UnrealBuildTool\System\RulesAssembly.cs:wiersz 115
UnrealBuildTool.Main:    w UnrealBuildTool.RulesCompiler.CreateProjectRulesAssembly(FileReference ProjectFileName, Boolean bUsePrecompiled, Boolean bSkipCompile) w D:\Build\++UE4\Sync\Engine\Saved\CsTools\Engine\Source\Programs\UnrealBuildTool\System\RulesCompiler.cs:wiersz 582
UnrealBuildTool.Main:    w UnrealBuildTool.ProjectFileGenerator.AddProjectsForAllTargets(PlatformProjectGeneratorCollection PlatformProjectGenerators, List`1 AllGames, List`1 AllTargetFiles, ProjectFile& EngineProject, ProjectFile& EnterpriseProject, List`1& GameProjects, Dictionary`2& ProgramProjects) w D:\Build\++UE4\Sync\Engine\Saved\CsTools\Engine\Source\Programs\UnrealBuildTool\ProjectFiles\ProjectFileGenerator.cs:wiersz 2139
UnrealBuildTool.Main:    w UnrealBuildTool.ProjectFileGenerator.GenerateProjectFiles(PlatformProjectGeneratorCollection PlatformProjectGenerators, String[] Arguments) w D:\Build\++UE4\Sync\Engine\Saved\CsTools\Engine\Source\Programs\UnrealBuildTool\ProjectFiles\ProjectFileGenerator.cs:wiersz 689
UnrealBuildTool.Main:    w UnrealBuildTool.GenerateProjectFilesMode.Execute(CommandLineArguments Arguments) w D:\Build\++UE4\Sync\Engine\Saved\CsTools\Engine\Source\Programs\UnrealBuildTool\Modes\GenerateProjectFilesMode.cs:wiersz 172
UnrealBuildTool.Main:    w UnrealBuildTool.UnrealBuildTool.Main(String[] ArgumentsArray) w D:\Build\++UE4\Sync\Engine\Saved\CsTools\Engine\Source\Programs\UnrealBuildTool\UnrealBuildTool.cs:wiersz 477
Timeline.Print: Timeline:
Timeline.Print: 
Timeline.Print: [ 0.000]
Timeline.Print: [ 0.000](+0.026) <unknown>
Timeline.Print: [ 0.026](+0.073) XmlConfig.ReadConfigFiles()
Timeline.Print: [ 0.100](+0.000) SingleInstanceMutex.Acquire()
Timeline.Print: [ 0.100](+0.060) UEBuildPlatform.RegisterPlatforms()
Timeline.Print:   0.100          [ 0.000](+0.029) Initializing InstalledPlatformInfo
Timeline.Print:   0.129          [ 0.029](+0.000) Querying types
Timeline.Print:   0.131          [ 0.031](+0.001) MacPlatformFactory
Timeline.Print:   0.132          [ 0.032](+0.000) TVOSPlatformFactory
Timeline.Print:   0.132          [ 0.032](+0.007) AndroidPlatformFactory
Timeline.Print:   0.140          [ 0.040](+0.000) HoloLensPlatformFactory
Timeline.Print:   0.140          [ 0.040](+0.012) IOSPlatformFactory
Timeline.Print:   0.153          [ 0.053](+0.003) HTML5PlatformFactory
Timeline.Print:   0.157          [ 0.056](+0.001) LinuxPlatformFactory
Timeline.Print:   0.158          [ 0.058](+0.000) LuminPlatformFactory
Timeline.Print:   0.158          [ 0.058](+0.001) WindowsPlatformFactory
Timeline.Print: [ 0.160](+0.329) <unknown>
Timeline.Print: [ 0.490](+0.001) Finding engine modules
Timeline.Print: [ 0.492](+0.002) Finding plugin modules
Timeline.Print: [ 0.494](+0.024) <unknown>
Timeline.Print: [ 0.518](+0.000) Finding program modules
Timeline.Print: [ 0.518](+0.000) Finding program targets
Timeline.Print: [ 0.518](+0.098) <unknown>
Timeline.Print: [ 0.617](+0.059) Compiling rules assembly (CubeCraft2_0ModuleRules.dll)
Timeline.Print: [ 0.688](+0.000) FileMetadataPrefetch.Stop()
Timeline.Print: [ 0.690]
